mode: set
github.com/clickin/hath/internal/hath/bandwidth.go:29.63,37.2 2 1
github.com/clickin/hath/internal/hath/bandwidth.go:40.56,41.6 1 1
github.com/clickin/hath/internal/hath/bandwidth.go:41.6,49.87 7 1
github.com/clickin/hath/internal/hath/bandwidth.go:49.87,52.23 3 1
github.com/clickin/hath/internal/hath/bandwidth.go:52.23,55.5 2 1
github.com/clickin/hath/internal/hath/bandwidth.go:56.4,56.54 1 1
github.com/clickin/hath/internal/hath/bandwidth.go:56.54,57.45 1 1
github.com/clickin/hath/internal/hath/bandwidth.go:57.45,59.6 1 1
github.com/clickin/hath/internal/hath/bandwidth.go:60.5,60.46 1 1
github.com/clickin/hath/internal/hath/bandwidth.go:63.3,63.57 1 1
github.com/clickin/hath/internal/hath/bandwidth.go:63.57,65.4 1 1
github.com/clickin/hath/internal/hath/bandwidth.go:68.3,70.46 1 1
github.com/clickin/hath/internal/hath/bandwidth.go:70.46,73.12 3 1
github.com/clickin/hath/internal/hath/bandwidth.go:76.3,76.57 1 1
github.com/clickin/hath/internal/hath/bandwidth.go:76.57,79.4 2 1
github.com/clickin/hath/internal/hath/bandwidth.go:80.3,82.9 3 1
github.com/clickin/hath/internal/hath/cache.go:55.60,66.55 3 1
github.com/clickin/hath/internal/hath/cache.go:66.55,67.29 1 1
github.com/clickin/hath/internal/hath/cache.go:67.29,68.17 1 1
github.com/clickin/hath/internal/hath/cache.go:68.17,69.13 1 1
github.com/clickin/hath/internal/hath/cache.go:71.4,72.81 2 0
github.com/clickin/hath/internal/hath/cache.go:72.81,74.5 1 0
github.com/clickin/hath/internal/hath/cache.go:78.2,79.43 2 1
github.com/clickin/hath/internal/hath/cache.go:79.43,82.3 2 0
github.com/clickin/hath/internal/hath/cache.go:83.2,85.11 2 1
github.com/clickin/hath/internal/hath/cache.go:85.11,88.25 3 1
github.com/clickin/hath/internal/hath/cache.go:88.25,90.4 1 0
github.com/clickin/hath/internal/hath/cache.go:92.3,98.47 7 1
github.com/clickin/hath/internal/hath/cache.go:98.47,100.4 1 0
github.com/clickin/hath/internal/hath/cache.go:101.3,101.22 1 1
github.com/clickin/hath/internal/hath/cache.go:103.2,106.27 2 1
github.com/clickin/hath/internal/hath/cache.go:106.27,108.77 2 1
github.com/clickin/hath/internal/hath/cache.go:108.77,110.4 1 1
github.com/clickin/hath/internal/hath/cache.go:113.2,113.52 1 1
github.com/clickin/hath/internal/hath/cache.go:113.52,115.3 1 1
github.com/clickin/hath/internal/hath/cache.go:117.2,118.16 2 1
github.com/clickin/hath/internal/hath/cache.go:122.52,124.2 1 1
github.com/clickin/hath/internal/hath/cache.go:128.62,130.14 2 1
github.com/clickin/hath/internal/hath/cache.go:130.14,132.3 1 0
github.com/clickin/hath/internal/hath/cache.go:133.2,134.39 2 1
github.com/clickin/hath/internal/hath/cache.go:134.39,136.3 1 1
github.com/clickin/hath/internal/hath/cache.go:137.2,137.16 1 1
github.com/clickin/hath/internal/hath/cache.go:142.61,144.22 2 1
github.com/clickin/hath/internal/hath/cache.go:144.22,146.3 1 0
github.com/clickin/hath/internal/hath/cache.go:147.2,149.18 3 1
github.com/clickin/hath/internal/hath/cache.go:149.18,151.3 1 0
github.com/clickin/hath/internal/hath/cache.go:152.2,156.36 4 1
github.com/clickin/hath/internal/hath/cache.go:156.36,158.3 1 1
github.com/clickin/hath/internal/hath/cache.go:158.8,160.3 1 1
github.com/clickin/hath/internal/hath/cache.go:161.2,163.10 2 1
github.com/clickin/hath/internal/hath/cache.go:163.10,166.92 3 1
github.com/clickin/hath/internal/hath/cache.go:166.92,168.4 1 0
github.com/clickin/hath/internal/hath/cache.go:170.2,170.13 1 1
github.com/clickin/hath/internal/hath/cache.go:174.60,178.55 4 1
github.com/clickin/hath/internal/hath/cache.go:178.55,180.3 1 0
github.com/clickin/hath/internal/hath/cache.go:181.2,182.14 2 1
github.com/clickin/hath/internal/hath/cache.go:186.51,189.16 3 1
github.com/clickin/hath/internal/hath/cache.go:189.16,191.3 1 0
github.com/clickin/hath/internal/hath/cache.go:192.2,193.42 2 1
github.com/clickin/hath/internal/hath/cache.go:193.42,195.3 1 0
github.com/clickin/hath/internal/hath/cache.go:196.2,196.49 1 1
github.com/clickin/hath/internal/hath/cache.go:200.55,203.50 3 1
github.com/clickin/hath/internal/hath/cache.go:203.50,208.59 4 1
github.com/clickin/hath/internal/hath/cache.go:208.59,211.4 2 1
github.com/clickin/hath/internal/hath/cache.go:216.75,217.40 1 1
github.com/clickin/hath/internal/hath/cache.go:217.40,219.3 1 0
github.com/clickin/hath/internal/hath/cache.go:220.2,223.56 4 1
github.com/clickin/hath/internal/hath/cache.go:223.56,225.3 1 1
github.com/clickin/hath/internal/hath/cache.go:226.2,229.13 4 1
github.com/clickin/hath/internal/hath/cache.go:232.71,234.62 2 1
github.com/clickin/hath/internal/hath/cache.go:234.62,236.3 1 0
github.com/clickin/hath/internal/hath/cache.go:237.2,237.44 1 1
github.com/clickin/hath/internal/hath/cache.go:237.44,239.44 1 0
github.com/clickin/hath/internal/hath/cache.go:239.44,241.4 1 0
github.com/clickin/hath/internal/hath/cache.go:242.3,242.17 1 0
github.com/clickin/hath/internal/hath/cache.go:244.2,244.13 1 1
github.com/clickin/hath/internal/hath/cache.go:248.78,251.24 3 1
github.com/clickin/hath/internal/hath/cache.go:251.24,254.3 2 0
github.com/clickin/hath/internal/hath/cache.go:255.2,256.37 2 1
github.com/clickin/hath/internal/hath/cache.go:256.37,258.21 2 1
github.com/clickin/hath/internal/hath/cache.go:258.21,261.4 2 1
github.com/clickin/hath/internal/hath/cache.go:263.2,263.68 1 1
github.com/clickin/hath/internal/hath/cache.go:267.45,271.31 4 1
github.com/clickin/hath/internal/hath/cache.go:271.31,273.3 1 0
github.com/clickin/hath/internal/hath/cache.go:274.2,274.37 1 1
github.com/clickin/hath/internal/hath/cache.go:274.37,277.3 2 1
github.com/clickin/hath/internal/hath/cache.go:278.2,278.32 1 1
github.com/clickin/hath/internal/hath/cache.go:278.32,280.3 1 0
github.com/clickin/hath/internal/hath/cache.go:284.43,288.2 3 1
github.com/clickin/hath/internal/hath/cache.go:291.54,295.2 3 1
github.com/clickin/hath/internal/hath/cache.go:297.60,299.2 1 1
github.com/clickin/hath/internal/hath/cache.go:303.48,304.35 1 1
github.com/clickin/hath/internal/hath/cache.go:304.35,306.3 1 1
github.com/clickin/hath/internal/hath/cache.go:307.2,309.27 3 1
github.com/clickin/hath/internal/hath/cache.go:309.27,311.3 1 1
github.com/clickin/hath/internal/hath/cache.go:312.2,312.26 1 1
github.com/clickin/hath/internal/hath/cache.go:317.45,329.9 10 1
github.com/clickin/hath/internal/hath/cache.go:330.32,332.20 2 1
github.com/clickin/hath/internal/hath/cache.go:333.41,334.54 1 0
github.com/clickin/hath/internal/hath/cache.go:337.2,339.75 2 1
github.com/clickin/hath/internal/hath/cache.go:339.75,342.10 2 1
github.com/clickin/hath/internal/hath/cache.go:343.27,344.35 1 1
github.com/clickin/hath/internal/hath/cache.go:345.24,346.34 1 0
github.com/clickin/hath/internal/hath/cache.go:347.11,348.34 1 0
github.com/clickin/hath/internal/hath/cache.go:350.3,350.9 1 1
github.com/clickin/hath/internal/hath/cache.go:353.2,357.42 5 1
github.com/clickin/hath/internal/hath/cache.go:357.42,358.22 1 1
github.com/clickin/hath/internal/hath/cache.go:358.22,361.4 2 1
github.com/clickin/hath/internal/hath/cache.go:363.2,363.22 1 1
github.com/clickin/hath/internal/hath/cache.go:363.22,367.3 3 0
github.com/clickin/hath/internal/hath/cache.go:368.2,372.9 3 1
github.com/clickin/hath/internal/hath/cache.go:373.35,374.23 1 1
github.com/clickin/hath/internal/hath/cache.go:375.34,376.22 1 1
github.com/clickin/hath/internal/hath/cache.go:377.34,378.22 1 1
github.com/clickin/hath/internal/hath/cache.go:379.10,380.21 1 1
github.com/clickin/hath/internal/hath/cache.go:382.2,387.31 4 1
github.com/clickin/hath/internal/hath/cache.go:387.31,393.3 5 1
github.com/clickin/hath/internal/hath/cache.go:395.2,398.26 4 1
github.com/clickin/hath/internal/hath/cache.go:398.26,399.32 1 1
github.com/clickin/hath/internal/hath/cache.go:399.32,401.4 1 0
github.com/clickin/hath/internal/hath/cache.go:402.3,403.17 2 1
github.com/clickin/hath/internal/hath/cache.go:403.17,404.12 1 0
github.com/clickin/hath/internal/hath/cache.go:406.3,407.19 2 1
github.com/clickin/hath/internal/hath/cache.go:407.19,408.28 1 1
github.com/clickin/hath/internal/hath/cache.go:408.28,410.5 1 1
github.com/clickin/hath/internal/hath/cache.go:411.4,412.12 2 1
github.com/clickin/hath/internal/hath/cache.go:414.3,415.15 2 1
github.com/clickin/hath/internal/hath/cache.go:415.15,417.12 2 0
github.com/clickin/hath/internal/hath/cache.go:419.3,421.25 3 1
github.com/clickin/hath/internal/hath/cache.go:424.2,425.19 2 1
github.com/clickin/hath/internal/hath/cache.go:425.19,427.3 1 1
github.com/clickin/hath/internal/hath/cache.go:427.8,431.3 3 1
github.com/clickin/hath/internal/hath/cache.go:432.2,434.31 2 1
github.com/clickin/hath/internal/hath/cache.go:438.41,438.63 1 1
github.com/clickin/hath/internal/hath/cache.go:443.46,446.16 3 1
github.com/clickin/hath/internal/hath/cache.go:446.16,449.3 2 0
github.com/clickin/hath/internal/hath/cache.go:450.2,450.78 1 1
github.com/clickin/hath/internal/hath/cache.go:450.78,453.3 2 0
github.com/clickin/hath/internal/hath/cache.go:454.2,454.31 1 1
github.com/clickin/hath/internal/hath/cache.go:454.31,456.3 1 0
github.com/clickin/hath/internal/hath/cache.go:457.2,457.24 1 1
github.com/clickin/hath/internal/hath/cache.go:457.24,458.18 1 1
github.com/clickin/hath/internal/hath/cache.go:458.18,460.12 2 0
github.com/clickin/hath/internal/hath/cache.go:462.3,463.17 2 1
github.com/clickin/hath/internal/hath/cache.go:463.17,464.12 1 0
github.com/clickin/hath/internal/hath/cache.go:466.3,466.19 1 1
github.com/clickin/hath/internal/hath/cache.go:466.19,468.12 2 0
github.com/clickin/hath/internal/hath/cache.go:470.3,470.25 1 1
github.com/clickin/hath/internal/hath/cache.go:470.25,471.18 1 1
github.com/clickin/hath/internal/hath/cache.go:471.18,472.13 1 1
github.com/clickin/hath/internal/hath/cache.go:475.4,477.16 3 1
github.com/clickin/hath/internal/hath/cache.go:477.16,479.5 1 0
github.com/clickin/hath/internal/hath/cache.go:479.10,479.52 1 1
github.com/clickin/hath/internal/hath/cache.go:479.52,481.5 1 0
github.com/clickin/hath/internal/hath/cache.go:481.10,483.5 1 1
github.com/clickin/hath/internal/hath/cache.go:490.49,491.28 1 1
github.com/clickin/hath/internal/hath/cache.go:491.28,493.3 1 1
github.com/clickin/hath/internal/hath/cache.go:493.8,495.3 1 1
github.com/clickin/hath/internal/hath/cache.go:496.2,499.85 3 1
github.com/clickin/hath/internal/hath/cache.go:499.85,500.32 1 1
github.com/clickin/hath/internal/hath/cache.go:500.32,502.4 1 0
github.com/clickin/hath/internal/hath/cache.go:503.3,503.22 1 1
github.com/clickin/hath/internal/hath/cache.go:503.22,506.4 2 0
github.com/clickin/hath/internal/hath/cache.go:507.3,508.28 2 1
github.com/clickin/hath/internal/hath/cache.go:508.28,510.18 2 1
github.com/clickin/hath/internal/hath/cache.go:510.18,511.13 1 0
github.com/clickin/hath/internal/hath/cache.go:513.4,516.39 4 1
github.com/clickin/hath/internal/hath/cache.go:516.39,517.40 1 1
github.com/clickin/hath/internal/hath/cache.go:517.40,519.6 1 1
github.com/clickin/hath/internal/hath/cache.go:521.4,521.36 1 1
github.com/clickin/hath/internal/hath/cache.go:521.36,523.5 1 1
github.com/clickin/hath/internal/hath/cache.go:524.4,524.54 1 1
github.com/clickin/hath/internal/hath/cache.go:524.54,526.5 1 1
github.com/clickin/hath/internal/hath/cache.go:527.4,527.14 1 1
github.com/clickin/hath/internal/hath/cache.go:527.14,529.13 2 1
github.com/clickin/hath/internal/hath/cache.go:531.4,536.19 6 1
github.com/clickin/hath/internal/hath/cache.go:536.19,538.5 1 1
github.com/clickin/hath/internal/hath/cache.go:539.4,539.19 1 1
github.com/clickin/hath/internal/hath/cache.go:539.19,541.5 1 1
github.com/clickin/hath/internal/hath/cache.go:543.3,547.27 5 1
github.com/clickin/hath/internal/hath/cache.go:547.27,549.4 1 0
github.com/clickin/hath/internal/hath/cache.go:555.48,557.2 1 1
github.com/clickin/hath/internal/hath/cache.go:559.46,561.16 2 1
github.com/clickin/hath/internal/hath/cache.go:561.16,563.3 1 1
github.com/clickin/hath/internal/hath/cache.go:564.2,566.53 3 1
github.com/clickin/hath/internal/hath/cache.go:566.53,568.3 1 1
github.com/clickin/hath/internal/hath/cache.go:569.2,569.32 1 1
github.com/clickin/hath/internal/hath/cache.go:569.32,571.3 1 0
github.com/clickin/hath/internal/hath/cache.go:572.2,577.32 6 1
github.com/clickin/hath/internal/hath/cache.go:577.32,579.3 1 1
github.com/clickin/hath/internal/hath/cache.go:580.2,581.13 2 1
github.com/clickin/hath/internal/hath/cache.go:584.41,596.16 6 1
github.com/clickin/hath/internal/hath/cache.go:596.16,598.3 1 1
github.com/clickin/hath/internal/hath/cache.go:599.2,599.52 1 1
github.com/clickin/hath/internal/hath/cache.go:599.52,603.3 3 0
github.com/clickin/hath/internal/hath/cache.go:604.2,605.36 2 1
github.com/clickin/hath/internal/hath/cache.go:610.38,614.2 3 1
github.com/clickin/hath/internal/hath/cache.go:616.44,617.20 1 1
github.com/clickin/hath/internal/hath/cache.go:617.20,620.3 2 1
github.com/clickin/hath/internal/hath/cache.go:623.40,623.101 1 0
github.com/clickin/hath/internal/hath/cache.go:625.37,627.22 2 1
github.com/clickin/hath/internal/hath/cache.go:627.22,629.10 2 1
github.com/clickin/hath/internal/hath/cache.go:630.29,631.20 1 1
github.com/clickin/hath/internal/hath/cache.go:632.29,633.23 1 1
github.com/clickin/hath/internal/hath/cache.go:634.29,635.23 1 0
github.com/clickin/hath/internal/hath/cache.go:636.11,637.19 1 0
github.com/clickin/hath/internal/hath/cache.go:639.3,639.15 1 1
github.com/clickin/hath/internal/hath/cache.go:641.2,641.16 1 1
github.com/clickin/hath/internal/hath/cache.go:644.56,646.22 2 1
github.com/clickin/hath/internal/hath/cache.go:646.22,648.3 1 1
github.com/clickin/hath/internal/hath/cache.go:649.2,649.12 1 1
github.com/clickin/hath/internal/hath/cache.go:652.35,654.16 2 1
github.com/clickin/hath/internal/hath/cache.go:654.16,656.3 1 0
github.com/clickin/hath/internal/hath/cache.go:657.2,657.26 1 1
github.com/clickin/hath/internal/hath/cache.go:660.38,662.16 2 1
github.com/clickin/hath/internal/hath/cache.go:662.16,664.3 1 0
github.com/clickin/hath/internal/hath/cache.go:665.2,667.16 3 1
github.com/clickin/hath/internal/hath/cache.go:667.16,669.3 1 0
github.com/clickin/hath/internal/hath/cache.go:670.2,672.12 3 1
github.com/clickin/hath/internal/hath/cache.go:675.38,677.2 1 1
github.com/clickin/hath/internal/hath/cache.go:679.28,680.10 1 1
github.com/clickin/hath/internal/hath/cache.go:680.10,682.3 1 1
github.com/clickin/hath/internal/hath/cache.go:682.8,684.3 1 0
github.com/clickin/hath/internal/hath/cert.go:31.63,34.49 3 1
github.com/clickin/hath/internal/hath/cert.go:34.49,36.3 1 1
github.com/clickin/hath/internal/hath/cert.go:37.2,38.16 2 1
github.com/clickin/hath/internal/hath/cert.go:38.16,40.3 1 0
github.com/clickin/hath/internal/hath/cert.go:41.2,42.16 2 1
github.com/clickin/hath/internal/hath/cert.go:42.16,44.3 1 1
github.com/clickin/hath/internal/hath/cert.go:45.2,53.19 5 1
github.com/clickin/hath/internal/hath/cert.go:53.19,55.3 1 1
github.com/clickin/hath/internal/hath/cert.go:56.2,56.12 1 1
github.com/clickin/hath/internal/hath/cert.go:60.40,62.2 1 1
github.com/clickin/hath/internal/hath/cert.go:65.47,71.2 1 1
github.com/clickin/hath/internal/hath/client.go:33.59,35.2 1 1
github.com/clickin/hath/internal/hath/client.go:38.47,38.80 1 1
github.com/clickin/hath/internal/hath/client.go:41.43,41.69 1 1
github.com/clickin/hath/internal/hath/client.go:44.53,49.47 3 1
github.com/clickin/hath/internal/hath/client.go:49.47,51.3 1 1
github.com/clickin/hath/internal/hath/client.go:52.2,52.30 1 1
github.com/clickin/hath/internal/hath/client.go:52.30,54.3 1 1
github.com/clickin/hath/internal/hath/client.go:55.2,55.30 1 1
github.com/clickin/hath/internal/hath/client.go:55.30,57.3 1 1
github.com/clickin/hath/internal/hath/client.go:58.2,58.47 1 1
github.com/clickin/hath/internal/hath/client.go:58.47,60.3 1 0
github.com/clickin/hath/internal/hath/client.go:62.2,68.16 6 1
github.com/clickin/hath/internal/hath/client.go:68.16,70.3 1 1
github.com/clickin/hath/internal/hath/client.go:71.2,74.40 3 1
github.com/clickin/hath/internal/hath/client.go:74.40,76.3 1 1
github.com/clickin/hath/internal/hath/client.go:78.2,80.26 3 1
github.com/clickin/hath/internal/hath/client.go:80.26,82.3 1 1
github.com/clickin/hath/internal/hath/client.go:83.2,85.30 2 1
github.com/clickin/hath/internal/hath/client.go:85.30,87.3 1 0
github.com/clickin/hath/internal/hath/client.go:88.2,88.30 1 1
github.com/clickin/hath/internal/hath/client.go:88.30,90.3 1 1
github.com/clickin/hath/internal/hath/client.go:92.2,106.18 11 1
github.com/clickin/hath/internal/hath/client.go:106.18,107.10 1 1
github.com/clickin/hath/internal/hath/client.go:108.27,110.14 2 1
github.com/clickin/hath/internal/hath/client.go:111.11,111.11 0 0
github.com/clickin/hath/internal/hath/client.go:114.3,115.19 2 0
github.com/clickin/hath/internal/hath/client.go:115.19,117.4 1 0
github.com/clickin/hath/internal/hath/client.go:118.3,118.10 1 0
github.com/clickin/hath/internal/hath/client.go:119.27,121.14 2 0
github.com/clickin/hath/internal/hath/client.go:122.28,122.28 0 0
github.com/clickin/hath/internal/hath/client.go:125.3,129.37 4 0
github.com/clickin/hath/internal/hath/client.go:131.2,131.12 1 0
github.com/clickin/hath/internal/hath/client.go:135.30,137.63 2 1
github.com/clickin/hath/internal/hath/client.go:137.63,139.3 1 1
github.com/clickin/hath/internal/hath/client.go:140.2,140.64 1 1
github.com/clickin/hath/internal/hath/client.go:140.64,143.3 2 1
github.com/clickin/hath/internal/hath/client.go:145.2,145.21 1 1
github.com/clickin/hath/internal/hath/client.go:145.21,149.3 3 1
github.com/clickin/hath/internal/hath/client.go:151.2,151.23 1 1
github.com/clickin/hath/internal/hath/client.go:151.23,153.3 1 1
github.com/clickin/hath/internal/hath/client.go:154.2,154.23 1 1
github.com/clickin/hath/internal/hath/client.go:154.23,155.48 1 0
github.com/clickin/hath/internal/hath/client.go:155.48,157.4 1 0
github.com/clickin/hath/internal/hath/client.go:158.3,158.29 1 0
github.com/clickin/hath/internal/hath/client.go:158.29,160.4 1 0
github.com/clickin/hath/internal/hath/client.go:162.2,162.22 1 1
github.com/clickin/hath/internal/hath/client.go:162.22,164.3 1 0
github.com/clickin/hath/internal/hath/client.go:165.2,165.28 1 1
github.com/clickin/hath/internal/hath/client.go:165.28,167.3 1 0
github.com/clickin/hath/internal/hath/client.go:168.2,168.28 1 1
github.com/clickin/hath/internal/hath/client.go:168.28,170.3 1 0
github.com/clickin/hath/internal/hath/client.go:172.2,173.33 2 1
github.com/clickin/hath/internal/hath/client.go:180.102,182.12 2 1
github.com/clickin/hath/internal/hath/client.go:182.12,183.10 1 1
github.com/clickin/hath/internal/hath/client.go:184.16,185.12 1 1
github.com/clickin/hath/internal/hath/client.go:186.27,186.27 0 1
github.com/clickin/hath/internal/hath/client.go:189.2,189.26 1 1
github.com/clickin/hath/internal/hath/client.go:193.42,195.52 2 1
github.com/clickin/hath/internal/hath/client.go:195.52,197.3 1 1
github.com/clickin/hath/internal/hath/client.go:198.2,199.12 2 1
github.com/clickin/hath/internal/hath/client.go:199.12,200.42 1 1
github.com/clickin/hath/internal/hath/client.go:200.42,202.4 1 1
github.com/clickin/hath/internal/hath/client.go:205.2,206.12 2 1
github.com/clickin/hath/internal/hath/client.go:210.37,212.28 2 1
github.com/clickin/hath/internal/hath/client.go:212.28,215.3 2 1
github.com/clickin/hath/internal/hath/client.go:216.2,218.52 3 1
github.com/clickin/hath/internal/hath/client.go:218.52,221.3 2 1
github.com/clickin/hath/internal/hath/client.go:223.2,224.12 2 1
github.com/clickin/hath/internal/hath/client.go:224.12,225.42 1 1
github.com/clickin/hath/internal/hath/client.go:225.42,227.4 1 1
github.com/clickin/hath/internal/hath/client.go:229.2,231.40 3 1
github.com/clickin/hath/internal/hath/client.go:234.35,238.21 4 1
github.com/clickin/hath/internal/hath/client.go:238.21,240.3 1 1
github.com/clickin/hath/internal/hath/client.go:241.2,241.45 1 1
github.com/clickin/hath/internal/hath/client.go:241.45,243.3 1 1
github.com/clickin/hath/internal/hath/client.go:244.2,244.20 1 1
github.com/clickin/hath/internal/hath/client.go:244.20,246.3 1 1
github.com/clickin/hath/internal/hath/client.go:250.44,250.65 1 1
github.com/clickin/hath/internal/hath/client.go:253.41,255.2 1 1
github.com/clickin/hath/internal/hath/client.go:258.40,259.22 1 1
github.com/clickin/hath/internal/hath/client.go:259.22,261.3 1 1
github.com/clickin/hath/internal/hath/client.go:264.38,265.47 1 1
github.com/clickin/hath/internal/hath/client.go:265.47,267.3 1 1
github.com/clickin/hath/internal/hath/client.go:268.2,268.48 1 1
github.com/clickin/hath/internal/hath/client.go:268.48,270.3 1 1
github.com/clickin/hath/internal/hath/gallery.go:45.61,49.36 2 1
github.com/clickin/hath/internal/hath/gallery.go:49.36,51.3 1 1
github.com/clickin/hath/internal/hath/gallery.go:52.2,53.10 2 1
github.com/clickin/hath/internal/hath/gallery.go:56.36,58.55 2 1
github.com/clickin/hath/internal/hath/gallery.go:58.55,59.17 1 1
github.com/clickin/hath/internal/hath/gallery.go:59.17,61.4 1 1
github.com/clickin/hath/internal/hath/gallery.go:62.3,62.17 1 1
github.com/clickin/hath/internal/hath/gallery.go:62.17,64.9 2 1
github.com/clickin/hath/internal/hath/gallery.go:66.3,71.68 5 1
github.com/clickin/hath/internal/hath/gallery.go:71.68,74.31 3 1
github.com/clickin/hath/internal/hath/gallery.go:74.31,75.34 1 1
github.com/clickin/hath/internal/hath/gallery.go:75.34,76.11 1 0
github.com/clickin/hath/internal/hath/gallery.go:78.5,79.27 2 1
github.com/clickin/hath/internal/hath/gallery.go:80.26,82.26 2 1
github.com/clickin/hath/internal/hath/gallery.go:82.26,84.7 1 1
github.com/clickin/hath/internal/hath/gallery.go:85.19,87.29 2 0
github.com/clickin/hath/internal/hath/gallery.go:89.5,89.31 1 1
github.com/clickin/hath/internal/hath/gallery.go:89.31,91.6 1 0
github.com/clickin/hath/internal/hath/gallery.go:91.11,91.39 1 1
github.com/clickin/hath/internal/hath/gallery.go:91.39,94.6 2 0
github.com/clickin/hath/internal/hath/gallery.go:95.5,95.18 1 1
github.com/clickin/hath/internal/hath/gallery.go:95.18,97.6 1 1
github.com/clickin/hath/internal/hath/gallery.go:99.4,99.33 1 1
github.com/clickin/hath/internal/hath/gallery.go:99.33,101.5 1 1
github.com/clickin/hath/internal/hath/gallery.go:103.3,103.22 1 1
github.com/clickin/hath/internal/hath/gallery.go:105.2,106.24 2 1
github.com/clickin/hath/internal/hath/gallery.go:109.56,110.35 1 1
github.com/clickin/hath/internal/hath/gallery.go:110.35,112.3 1 1
github.com/clickin/hath/internal/hath/gallery.go:113.2,113.82 1 1
github.com/clickin/hath/internal/hath/gallery.go:117.46,118.35 1 1
github.com/clickin/hath/internal/hath/gallery.go:118.35,120.3 1 0
github.com/clickin/hath/internal/hath/gallery.go:121.2,122.14 2 1
github.com/clickin/hath/internal/hath/gallery.go:122.14,124.3 1 1
github.com/clickin/hath/internal/hath/gallery.go:125.2,126.79 2 1
github.com/clickin/hath/internal/hath/gallery.go:126.79,128.3 1 0
github.com/clickin/hath/internal/hath/gallery.go:129.2,129.26 1 1
github.com/clickin/hath/internal/hath/gallery.go:143.57,146.49 3 1
github.com/clickin/hath/internal/hath/gallery.go:146.49,147.39 1 1
github.com/clickin/hath/internal/hath/gallery.go:147.39,149.12 2 1
github.com/clickin/hath/internal/hath/gallery.go:151.3,151.42 1 1
github.com/clickin/hath/internal/hath/gallery.go:151.42,153.12 2 1
github.com/clickin/hath/internal/hath/gallery.go:155.3,155.30 1 1
github.com/clickin/hath/internal/hath/gallery.go:155.30,156.12 1 1
github.com/clickin/hath/internal/hath/gallery.go:158.3,158.16 1 1
github.com/clickin/hath/internal/hath/gallery.go:159.10,161.11 2 1
github.com/clickin/hath/internal/hath/gallery.go:161.11,162.13 1 1
github.com/clickin/hath/internal/hath/gallery.go:164.4,164.13 1 1
github.com/clickin/hath/internal/hath/gallery.go:165.15,166.31 1 1
github.com/clickin/hath/internal/hath/gallery.go:167.21,168.37 1 1
github.com/clickin/hath/internal/hath/gallery.go:169.19,170.30 1 1
github.com/clickin/hath/internal/hath/gallery.go:170.30,172.6 1 1
github.com/clickin/hath/internal/hath/gallery.go:172.11,174.6 1 1
github.com/clickin/hath/internal/hath/gallery.go:175.17,176.18 1 1
github.com/clickin/hath/internal/hath/gallery.go:178.10,180.17 2 1
github.com/clickin/hath/internal/hath/gallery.go:180.17,182.5 1 1
github.com/clickin/hath/internal/hath/gallery.go:183.10,184.20 1 1
github.com/clickin/hath/internal/hath/gallery.go:184.20,186.5 1 1
github.com/clickin/hath/internal/hath/gallery.go:187.4,187.18 1 1
github.com/clickin/hath/internal/hath/gallery.go:190.2,190.110 1 1
github.com/clickin/hath/internal/hath/gallery.go:193.50,197.24 4 1
github.com/clickin/hath/internal/hath/gallery.go:197.24,199.3 1 1
github.com/clickin/hath/internal/hath/gallery.go:200.2,203.38 4 1
github.com/clickin/hath/internal/hath/gallery.go:203.38,205.15 2 1
github.com/clickin/hath/internal/hath/gallery.go:205.15,207.4 1 0
github.com/clickin/hath/internal/hath/gallery.go:208.3,208.24 1 1
github.com/clickin/hath/internal/hath/gallery.go:208.24,210.4 1 0
github.com/clickin/hath/internal/hath/gallery.go:211.3,211.35 1 1
github.com/clickin/hath/internal/hath/gallery.go:213.2,215.49 2 1
github.com/clickin/hath/internal/hath/gallery.go:215.49,218.3 2 0
github.com/clickin/hath/internal/hath/gallery.go:219.2,219.48 1 1
github.com/clickin/hath/internal/hath/gallery.go:219.48,223.3 3 0
github.com/clickin/hath/internal/hath/gallery.go:224.2,225.13 2 1
github.com/clickin/hath/internal/hath/gallery.go:228.37,237.2 8 1
github.com/clickin/hath/internal/hath/gallery.go:239.52,242.13 3 1
github.com/clickin/hath/internal/hath/gallery.go:242.13,244.104 2 1
github.com/clickin/hath/internal/hath/gallery.go:244.104,246.4 1 0
github.com/clickin/hath/internal/hath/gallery.go:247.8,249.3 1 0
github.com/clickin/hath/internal/hath/gallery.go:252.70,254.31 2 1
github.com/clickin/hath/internal/hath/gallery.go:254.31,255.16 1 1
github.com/clickin/hath/internal/hath/gallery.go:255.16,257.4 1 1
github.com/clickin/hath/internal/hath/gallery.go:259.2,259.39 1 1
github.com/clickin/hath/internal/hath/gallery.go:280.49,282.21 2 1
github.com/clickin/hath/internal/hath/gallery.go:282.21,284.3 1 1
github.com/clickin/hath/internal/hath/gallery.go:285.2,288.23 4 1
github.com/clickin/hath/internal/hath/gallery.go:288.23,290.3 1 1
github.com/clickin/hath/internal/hath/gallery.go:291.2,294.3 1 1
github.com/clickin/hath/internal/hath/gallery.go:297.58,299.2 1 1
github.com/clickin/hath/internal/hath/gallery.go:301.59,303.59 2 1
github.com/clickin/hath/internal/hath/gallery.go:303.59,304.55 1 1
github.com/clickin/hath/internal/hath/gallery.go:304.55,307.4 2 1
github.com/clickin/hath/internal/hath/gallery.go:308.3,308.18 1 0
github.com/clickin/hath/internal/hath/gallery.go:310.2,312.18 3 1
github.com/clickin/hath/internal/hath/gallery.go:312.18,315.3 2 0
github.com/clickin/hath/internal/hath/gallery.go:316.2,316.117 1 1
github.com/clickin/hath/internal/hath/gallery.go:316.117,321.3 4 1
github.com/clickin/hath/internal/hath/gallery.go:322.2,322.55 1 1
github.com/clickin/hath/internal/hath/gallery.go:322.55,327.3 4 0
github.com/clickin/hath/internal/hath/gallery.go:328.2,329.20 2 1
github.com/clickin/hath/internal/hath/gallery.go:329.20,331.3 1 1
github.com/clickin/hath/internal/hath/gallery.go:332.2,333.17 2 1
github.com/clickin/hath/internal/hath/helpers.go:18.45,18.83 1 1
github.com/clickin/hath/internal/hath/helpers.go:22.84,24.16 2 1
github.com/clickin/hath/internal/hath/helpers.go:24.16,26.3 1 1
github.com/clickin/hath/internal/hath/helpers.go:27.2,27.25 1 1
github.com/clickin/hath/internal/hath/helpers.go:27.25,28.18 1 1
github.com/clickin/hath/internal/hath/helpers.go:28.18,29.12 1 1
github.com/clickin/hath/internal/hath/helpers.go:31.3,33.17 3 1
github.com/clickin/hath/internal/hath/helpers.go:33.17,34.12 1 0
github.com/clickin/hath/internal/hath/helpers.go:36.3,36.26 1 1
github.com/clickin/hath/internal/hath/helpers.go:36.26,37.19 1 1
github.com/clickin/hath/internal/hath/helpers.go:37.19,38.13 1 0
github.com/clickin/hath/internal/hath/helpers.go:40.4,42.18 3 1
github.com/clickin/hath/internal/hath/helpers.go:42.18,43.13 1 0
github.com/clickin/hath/internal/hath/helpers.go:45.4,46.31 2 1
github.com/clickin/hath/internal/hath/helpers.go:46.31,47.20 1 1
github.com/clickin/hath/internal/hath/helpers.go:47.20,49.6 1 1
github.com/clickin/hath/internal/hath/helpers.go:51.4,51.35 1 1
github.com/clickin/hath/internal/hath/helpers.go:54.2,54.12 1 1
github.com/clickin/hath/internal/hath/helpers.go:59.51,62.16 3 1
github.com/clickin/hath/internal/hath/helpers.go:62.16,64.3 1 1
github.com/clickin/hath/internal/hath/helpers.go:65.2,66.41 2 1
github.com/clickin/hath/internal/hath/helpers.go:66.41,68.3 1 0
github.com/clickin/hath/internal/hath/helpers.go:69.2,69.51 1 1
github.com/clickin/hath/internal/hath/helpers.go:75.34,77.46 2 1
github.com/clickin/hath/internal/hath/helpers.go:77.46,79.3 1 0
github.com/clickin/hath/internal/hath/helpers.go:80.2,80.41 1 1
github.com/clickin/hath/internal/hath/log.go:15.13,18.48 1 1
github.com/clickin/hath/internal/hath/log.go:18.48,20.3 1 1
github.com/clickin/hath/internal/hath/log.go:20.8,22.3 1 0
github.com/clickin/hath/internal/hath/log.go:26.59,28.16 2 1
github.com/clickin/hath/internal/hath/log.go:28.16,30.3 1 1
github.com/clickin/hath/internal/hath/log.go:32.2,37.34 5 1
github.com/clickin/hath/internal/hath/log.go:37.34,39.60 1 1
github.com/clickin/hath/internal/hath/log.go:39.60,42.4 1 1
github.com/clickin/hath/internal/hath/log.go:45.2,46.54 2 1
github.com/clickin/hath/internal/hath/log.go:49.37,49.67 1 1
github.com/clickin/hath/internal/hath/log.go:50.37,50.67 1 1
github.com/clickin/hath/internal/hath/log.go:51.37,51.68 1 1
github.com/clickin/hath/internal/hath/log.go:52.37,52.68 1 1
github.com/clickin/hath/internal/hath/protocol.go:60.31,63.2 2 1
github.com/clickin/hath/internal/hath/protocol.go:68.84,70.2 1 1
github.com/clickin/hath/internal/hath/protocol.go:75.72,77.2 1 1
github.com/clickin/hath/internal/hath/protocol.go:82.84,84.2 1 1
github.com/clickin/hath/internal/hath/protocol.go:89.80,91.2 1 1
github.com/clickin/hath/internal/hath/protocol.go:121.33,122.16 1 1
github.com/clickin/hath/internal/hath/protocol.go:122.16,124.3 1 0
github.com/clickin/hath/internal/hath/protocol.go:125.2,125.56 1 1
github.com/clickin/hath/internal/hath/protocol.go:129.38,129.59 1 1
github.com/clickin/hath/internal/hath/protocol.go:132.31,133.33 1 1
github.com/clickin/hath/internal/hath/protocol.go:133.33,135.3 1 1
github.com/clickin/hath/internal/hath/protocol.go:136.2,136.35 1 0
github.com/clickin/hath/internal/hath/protocol.go:140.41,141.70 1 1
github.com/clickin/hath/internal/hath/protocol.go:141.70,143.3 1 1
github.com/clickin/hath/internal/hath/protocol.go:144.2,148.21 5 1
github.com/clickin/hath/internal/hath/protocol.go:148.21,150.3 1 1
github.com/clickin/hath/internal/hath/protocol.go:150.8,154.3 3 1
github.com/clickin/hath/internal/hath/protocol.go:155.2,155.10 1 1
github.com/clickin/hath/internal/hath/pruner.go:21.75,30.2 4 1
github.com/clickin/hath/internal/hath/pruner.go:32.51,33.14 1 1
github.com/clickin/hath/internal/hath/pruner.go:33.14,35.3 1 1
github.com/clickin/hath/internal/hath/pruner.go:36.2,36.27 1 1
github.com/clickin/hath/internal/hath/pruner.go:39.30,45.6 5 1
github.com/clickin/hath/internal/hath/pruner.go:45.6,46.10 1 1
github.com/clickin/hath/internal/hath/pruner.go:47.19,49.10 2 1
github.com/clickin/hath/internal/hath/pruner.go:50.19,50.19 0 1
github.com/clickin/hath/internal/hath/pruner.go:53.3,56.29 3 1
github.com/clickin/hath/internal/hath/pruner.go:56.29,60.12 3 1
github.com/clickin/hath/internal/hath/pruner.go:63.3,64.43 2 1
github.com/clickin/hath/internal/hath/pruner.go:64.43,67.4 2 0
github.com/clickin/hath/internal/hath/pruner.go:69.3,70.27 2 1
github.com/clickin/hath/internal/hath/pruner.go:70.27,71.35 1 0
github.com/clickin/hath/internal/hath/pruner.go:71.35,74.5 1 0
github.com/clickin/hath/internal/hath/pruner.go:75.4,75.22 1 0
github.com/clickin/hath/internal/hath/pruner.go:81.30,82.14 1 1
github.com/clickin/hath/internal/hath/pruner.go:82.14,83.10 1 1
github.com/clickin/hath/internal/hath/pruner.go:84.19,84.19 0 0
github.com/clickin/hath/internal/hath/pruner.go:85.11,86.19 1 1
github.com/clickin/hath/internal/hath/rpc.go:58.65,69.2 1 1
github.com/clickin/hath/internal/hath/rpc.go:72.47,72.74 1 1
github.com/clickin/hath/internal/hath/rpc.go:77.42,80.2 1 1
github.com/clickin/hath/internal/hath/rpc.go:87.58,93.2 3 1
github.com/clickin/hath/internal/hath/rpc.go:99.100,106.16 5 1
github.com/clickin/hath/internal/hath/rpc.go:106.16,108.3 1 0
github.com/clickin/hath/internal/hath/rpc.go:109.2,114.16 5 1
github.com/clickin/hath/internal/hath/rpc.go:114.16,116.3 1 0
github.com/clickin/hath/internal/hath/rpc.go:117.2,119.28 2 1
github.com/clickin/hath/internal/hath/rpc.go:119.28,123.3 1 1
github.com/clickin/hath/internal/hath/rpc.go:124.2,124.39 1 1
github.com/clickin/hath/internal/hath/rpc.go:124.39,126.3 1 1
github.com/clickin/hath/internal/hath/rpc.go:127.2,127.52 1 1
github.com/clickin/hath/internal/hath/rpc.go:127.52,129.3 1 1
github.com/clickin/hath/internal/hath/rpc.go:131.2,132.16 2 1
github.com/clickin/hath/internal/hath/rpc.go:132.16,134.3 1 1
github.com/clickin/hath/internal/hath/rpc.go:135.2,135.44 1 1
github.com/clickin/hath/internal/hath/rpc.go:135.44,137.3 1 0
github.com/clickin/hath/internal/hath/rpc.go:138.2,138.32 1 1
github.com/clickin/hath/internal/hath/rpc.go:143.85,145.43 2 1
github.com/clickin/hath/internal/hath/rpc.go:145.43,146.23 1 1
github.com/clickin/hath/internal/hath/rpc.go:146.23,150.18 4 1
github.com/clickin/hath/internal/hath/rpc.go:150.18,152.5 1 0
github.com/clickin/hath/internal/hath/rpc.go:153.4,156.18 4 1
github.com/clickin/hath/internal/hath/rpc.go:156.18,158.5 1 0
github.com/clickin/hath/internal/hath/rpc.go:159.4,160.31 2 1
github.com/clickin/hath/internal/hath/rpc.go:160.31,162.5 1 1
github.com/clickin/hath/internal/hath/rpc.go:163.4,163.54 1 1
github.com/clickin/hath/internal/hath/rpc.go:163.54,165.5 1 0
github.com/clickin/hath/internal/hath/rpc.go:166.4,168.18 3 1
github.com/clickin/hath/internal/hath/rpc.go:168.18,170.5 1 0
github.com/clickin/hath/internal/hath/rpc.go:171.4,173.18 3 1
github.com/clickin/hath/internal/hath/rpc.go:173.18,176.5 2 0
github.com/clickin/hath/internal/hath/rpc.go:177.4,177.31 1 1
github.com/clickin/hath/internal/hath/rpc.go:177.31,180.5 2 0
github.com/clickin/hath/internal/hath/rpc.go:181.4,181.31 1 1
github.com/clickin/hath/internal/hath/rpc.go:183.3,183.17 1 1
github.com/clickin/hath/internal/hath/rpc.go:183.17,185.4 1 1
github.com/clickin/hath/internal/hath/rpc.go:186.3,187.76 2 1
github.com/clickin/hath/internal/hath/rpc.go:189.2,189.16 1 1
github.com/clickin/hath/internal/hath/rpc.go:196.64,198.2 1 1
github.com/clickin/hath/internal/hath/rpc.go:202.74,204.30 2 1
github.com/clickin/hath/internal/hath/rpc.go:204.30,206.3 1 0
github.com/clickin/hath/internal/hath/rpc.go:207.2,210.23 3 1
github.com/clickin/hath/internal/hath/rpc.go:210.23,212.3 1 1
github.com/clickin/hath/internal/hath/rpc.go:214.2,214.50 1 1
github.com/clickin/hath/internal/hath/rpc.go:214.50,216.3 1 1
github.com/clickin/hath/internal/hath/rpc.go:217.2,217.39 1 1
github.com/clickin/hath/internal/hath/rpc.go:217.39,219.3 1 0
github.com/clickin/hath/internal/hath/rpc.go:221.2,221.28 1 1
github.com/clickin/hath/internal/hath/rpc.go:222.59,223.103 1 1
github.com/clickin/hath/internal/hath/rpc.go:224.21,225.59 1 1
github.com/clickin/hath/internal/hath/rpc.go:226.48,229.49 3 1
github.com/clickin/hath/internal/hath/rpc.go:230.10,231.83 1 1
github.com/clickin/hath/internal/hath/rpc.go:236.54,237.27 1 1
github.com/clickin/hath/internal/hath/rpc.go:237.27,239.3 1 1
github.com/clickin/hath/internal/hath/rpc.go:245.50,248.25 3 1
github.com/clickin/hath/internal/hath/rpc.go:248.25,251.3 2 1
github.com/clickin/hath/internal/hath/rpc.go:252.2,252.14 1 0
github.com/clickin/hath/internal/hath/rpc.go:258.56,259.6 1 1
github.com/clickin/hath/internal/hath/rpc.go:259.6,260.29 1 1
github.com/clickin/hath/internal/hath/rpc.go:260.29,262.4 1 0
github.com/clickin/hath/internal/hath/rpc.go:263.3,265.20 3 1
github.com/clickin/hath/internal/hath/rpc.go:266.15,271.10 5 1
github.com/clickin/hath/internal/hath/rpc.go:272.17,273.56 1 0
github.com/clickin/hath/internal/hath/rpc.go:274.11,277.99 2 1
github.com/clickin/hath/internal/hath/rpc.go:283.54,287.25 4 1
github.com/clickin/hath/internal/hath/rpc.go:287.25,291.3 3 1
github.com/clickin/hath/internal/hath/rpc.go:292.2,293.14 2 0
github.com/clickin/hath/internal/hath/rpc.go:297.44,300.25 3 1
github.com/clickin/hath/internal/hath/rpc.go:300.25,302.21 2 1
github.com/clickin/hath/internal/hath/rpc.go:302.21,304.4 1 1
github.com/clickin/hath/internal/hath/rpc.go:305.3,305.14 1 1
github.com/clickin/hath/internal/hath/rpc.go:307.2,309.9 3 1
github.com/clickin/hath/internal/hath/rpc.go:310.50,312.34 1 1
github.com/clickin/hath/internal/hath/rpc.go:313.60,314.69 1 0
github.com/clickin/hath/internal/hath/rpc.go:315.48,316.103 1 0
github.com/clickin/hath/internal/hath/rpc.go:318.2,318.14 1 1
github.com/clickin/hath/internal/hath/rpc.go:322.46,322.100 1 1
github.com/clickin/hath/internal/hath/rpc.go:323.46,323.98 1 1
github.com/clickin/hath/internal/hath/rpc.go:324.46,324.94 1 1
github.com/clickin/hath/internal/hath/rpc.go:326.62,329.25 3 1
github.com/clickin/hath/internal/hath/rpc.go:329.25,332.3 2 1
github.com/clickin/hath/internal/hath/rpc.go:333.2,334.14 2 1
github.com/clickin/hath/internal/hath/rpc.go:338.47,340.53 2 1
github.com/clickin/hath/internal/hath/rpc.go:340.53,342.3 1 1
github.com/clickin/hath/internal/hath/rpc.go:343.2,344.48 2 1
github.com/clickin/hath/internal/hath/rpc.go:348.54,350.12 2 1
github.com/clickin/hath/internal/hath/rpc.go:350.12,352.3 1 1
github.com/clickin/hath/internal/hath/rpc.go:353.2,355.19 3 1
github.com/clickin/hath/internal/hath/rpc.go:356.14,358.21 2 1
github.com/clickin/hath/internal/hath/rpc.go:358.21,360.4 1 1
github.com/clickin/hath/internal/hath/rpc.go:361.3,361.14 1 1
github.com/clickin/hath/internal/hath/rpc.go:362.16,363.63 1 0
github.com/clickin/hath/internal/hath/rpc.go:364.16,365.57 1 1
github.com/clickin/hath/internal/hath/rpc.go:365.57,367.4 1 0
github.com/clickin/hath/internal/hath/rpc.go:368.3,368.49 1 1
github.com/clickin/hath/internal/hath/rpc.go:370.2,370.14 1 1
github.com/clickin/hath/internal/hath/rpc.go:374.64,377.25 3 1
github.com/clickin/hath/internal/hath/rpc.go:377.25,379.3 1 1
github.com/clickin/hath/internal/hath/rpc.go:380.2,380.12 1 1
github.com/clickin/hath/internal/hath/rpc.go:385.89,388.25 3 1
github.com/clickin/hath/internal/hath/rpc.go:388.25,390.30 2 1
github.com/clickin/hath/internal/hath/rpc.go:390.30,391.15 1 1
github.com/clickin/hath/internal/hath/rpc.go:391.15,393.5 1 1
github.com/clickin/hath/internal/hath/rpc.go:395.3,395.14 1 1
github.com/clickin/hath/internal/hath/rpc.go:397.2,398.12 2 1
github.com/clickin/hath/internal/hath/rpc.go:402.108,406.46 4 1
github.com/clickin/hath/internal/hath/rpc.go:406.46,408.3 1 1
github.com/clickin/hath/internal/hath/rpc.go:409.2,410.11 2 1
github.com/clickin/hath/internal/hath/rpc.go:414.69,415.45 1 1
github.com/clickin/hath/internal/hath/rpc.go:415.45,417.3 1 1
github.com/clickin/hath/internal/hath/rpc.go:418.2,420.92 3 1
github.com/clickin/hath/internal/hath/rpc.go:424.59,426.2 1 1
github.com/clickin/hath/internal/hath/rpc.go:430.55,437.16 5 1
github.com/clickin/hath/internal/hath/rpc.go:437.16,439.3 1 0
github.com/clickin/hath/internal/hath/rpc.go:440.2,440.13 1 1
github.com/clickin/hath/internal/hath/rpc.go:445.68,447.52 2 1
github.com/clickin/hath/internal/hath/rpc.go:447.52,449.3 1 1
github.com/clickin/hath/internal/hath/rpc.go:450.2,450.35 1 1
github.com/clickin/hath/internal/hath/rpc.go:451.23,453.17 2 1
github.com/clickin/hath/internal/hath/rpc.go:453.17,455.4 1 1
github.com/clickin/hath/internal/hath/rpc.go:456.15,458.17 2 1
github.com/clickin/hath/internal/hath/rpc.go:458.17,460.4 1 1
github.com/clickin/hath/internal/hath/rpc.go:462.2,462.10 1 1
github.com/clickin/hath/internal/hath/rpc.go:465.47,466.27 1 1
github.com/clickin/hath/internal/hath/rpc.go:466.27,468.3 1 1
github.com/clickin/hath/internal/hath/rpc.go:469.2,469.32 1 0
github.com/clickin/hath/internal/hath/rpc.go:469.32,471.3 1 0
github.com/clickin/hath/internal/hath/rpc.go:472.2,472.13 1 0
github.com/clickin/hath/internal/hath/rpc.go:478.166,483.16 5 1
github.com/clickin/hath/internal/hath/rpc.go:483.16,485.3 1 0
github.com/clickin/hath/internal/hath/rpc.go:486.2,488.12 3 1
github.com/clickin/hath/internal/hath/rpc.go:488.12,490.3 1 1
github.com/clickin/hath/internal/hath/rpc.go:491.2,492.16 2 1
github.com/clickin/hath/internal/hath/rpc.go:492.16,494.3 1 1
github.com/clickin/hath/internal/hath/rpc.go:495.2,496.53 2 1
github.com/clickin/hath/internal/hath/rpc.go:496.53,498.3 1 1
github.com/clickin/hath/internal/hath/rpc.go:499.2,499.28 1 1
github.com/clickin/hath/internal/hath/rpc.go:499.28,501.3 1 1
github.com/clickin/hath/internal/hath/rpc.go:502.2,502.52 1 1
github.com/clickin/hath/internal/hath/rpc.go:502.52,504.3 1 1
github.com/clickin/hath/internal/hath/rpc.go:505.2,507.16 3 1
github.com/clickin/hath/internal/hath/rpc.go:507.16,509.3 1 0
github.com/clickin/hath/internal/hath/rpc.go:510.2,511.20 2 1
github.com/clickin/hath/internal/hath/rpc.go:511.20,513.3 1 0
github.com/clickin/hath/internal/hath/rpc.go:514.2,516.16 3 1
github.com/clickin/hath/internal/hath/rpc.go:516.16,519.3 2 0
github.com/clickin/hath/internal/hath/rpc.go:520.2,520.55 1 1
github.com/clickin/hath/internal/hath/rpc.go:520.55,523.3 2 0
github.com/clickin/hath/internal/hath/rpc.go:524.2,524.32 1 1
github.com/clickin/hath/internal/hath/rpc.go:533.51,535.11 2 0
github.com/clickin/hath/internal/hath/rpc.go:535.11,537.3 1 0
github.com/clickin/hath/internal/hath/rpc.go:538.2,538.15 1 0
github.com/clickin/hath/internal/hath/rpc.go:543.35,545.16 2 1
github.com/clickin/hath/internal/hath/rpc.go:545.16,547.3 1 0
github.com/clickin/hath/internal/hath/rpc.go:548.2,548.21 1 1
github.com/clickin/hath/internal/hath/rpc.go:551.29,551.58 1 1
github.com/clickin/hath/internal/hath/rpc.go:552.29,552.60 1 1
github.com/clickin/hath/internal/hath/server.go:63.139,73.19 2 1
github.com/clickin/hath/internal/hath/server.go:73.19,75.3 1 1
github.com/clickin/hath/internal/hath/server.go:76.2,76.11 1 1
github.com/clickin/hath/internal/hath/server.go:81.47,81.76 1 1
github.com/clickin/hath/internal/hath/server.go:84.36,87.16 3 1
github.com/clickin/hath/internal/hath/server.go:87.16,89.3 1 1
github.com/clickin/hath/internal/hath/server.go:90.2,97.77 4 1
github.com/clickin/hath/internal/hath/server.go:101.33,102.25 1 1
github.com/clickin/hath/internal/hath/server.go:102.25,104.3 1 1
github.com/clickin/hath/internal/hath/server.go:108.41,108.70 1 0
github.com/clickin/hath/internal/hath/server.go:117.53,118.6 1 1
github.com/clickin/hath/internal/hath/server.go:118.6,120.17 2 1
github.com/clickin/hath/internal/hath/server.go:120.17,122.4 1 1
github.com/clickin/hath/internal/hath/server.go:123.3,123.34 1 1
github.com/clickin/hath/internal/hath/server.go:123.34,127.4 1 1
github.com/clickin/hath/internal/hath/server.go:128.3,128.24 1 1
github.com/clickin/hath/internal/hath/server.go:128.24,130.4 1 1
github.com/clickin/hath/internal/hath/server.go:131.3,131.12 1 0
github.com/clickin/hath/internal/hath/server.go:136.45,141.35 4 1
github.com/clickin/hath/internal/hath/server.go:141.35,144.3 2 1
github.com/clickin/hath/internal/hath/server.go:145.2,145.20 1 1
github.com/clickin/hath/internal/hath/server.go:145.20,148.24 3 1
github.com/clickin/hath/internal/hath/server.go:148.24,151.4 2 1
github.com/clickin/hath/internal/hath/server.go:152.3,152.37 1 1
github.com/clickin/hath/internal/hath/server.go:152.37,154.4 1 0
github.com/clickin/hath/internal/hath/server.go:155.3,155.61 1 1
github.com/clickin/hath/internal/hath/server.go:155.61,157.4 1 1
github.com/clickin/hath/internal/hath/server.go:159.2,159.13 1 1
github.com/clickin/hath/internal/hath/server.go:162.51,166.9 4 1
github.com/clickin/hath/internal/hath/server.go:166.9,169.3 2 1
github.com/clickin/hath/internal/hath/server.go:170.2,171.31 2 1
github.com/clickin/hath/internal/hath/server.go:171.31,173.3 1 1
github.com/clickin/hath/internal/hath/server.go:174.2,177.18 4 1
github.com/clickin/hath/internal/hath/server.go:177.18,181.3 3 1
github.com/clickin/hath/internal/hath/server.go:182.2,182.13 1 1
github.com/clickin/hath/internal/hath/server.go:186.42,190.28 4 1
github.com/clickin/hath/internal/hath/server.go:190.28,191.28 1 1
github.com/clickin/hath/internal/hath/server.go:191.28,193.4 1 1
github.com/clickin/hath/internal/hath/server.go:197.48,198.66 1 1
github.com/clickin/hath/internal/hath/server.go:198.66,200.3 1 1
github.com/clickin/hath/internal/hath/server.go:201.2,201.37 1 1
github.com/clickin/hath/internal/hath/server.go:213.52,214.39 1 1
github.com/clickin/hath/internal/hath/server.go:214.39,216.3 1 1
github.com/clickin/hath/internal/hath/server.go:217.2,217.24 1 1
github.com/clickin/hath/internal/hath/server.go:220.51,221.16 1 1
github.com/clickin/hath/internal/hath/server.go:221.16,224.28 3 1
github.com/clickin/hath/internal/hath/server.go:224.28,226.4 1 1
github.com/clickin/hath/internal/hath/server.go:228.2,228.23 1 1
github.com/clickin/hath/internal/hath/server.go:231.37,232.15 1 1
github.com/clickin/hath/internal/hath/server.go:232.15,234.28 2 1
github.com/clickin/hath/internal/hath/server.go:234.28,236.4 1 1
github.com/clickin/hath/internal/hath/server.go:238.2,238.23 1 1
github.com/clickin/hath/internal/hath/server.go:243.69,244.63 1 1
github.com/clickin/hath/internal/hath/server.go:244.63,248.3 3 1
github.com/clickin/hath/internal/hath/server.go:252.2,253.64 2 1
github.com/clickin/hath/internal/hath/server.go:253.64,254.64 1 0
github.com/clickin/hath/internal/hath/server.go:254.64,256.4 1 0
github.com/clickin/hath/internal/hath/server.go:258.2,261.44 3 1
github.com/clickin/hath/internal/hath/server.go:261.44,264.3 2 0
github.com/clickin/hath/internal/hath/server.go:266.2,266.21 1 1
github.com/clickin/hath/internal/hath/server.go:267.11,268.31 1 1
github.com/clickin/hath/internal/hath/server.go:269.19,270.36 1 1
github.com/clickin/hath/internal/hath/server.go:271.11,272.36 1 1
github.com/clickin/hath/internal/hath/server.go:273.10,274.57 1 1
github.com/clickin/hath/internal/hath/server.go:274.57,278.4 3 1
github.com/clickin/hath/internal/hath/server.go:279.3,279.56 1 1
github.com/clickin/hath/internal/hath/server.go:279.56,283.4 3 1
github.com/clickin/hath/internal/hath/server.go:284.3,284.34 1 1
github.com/clickin/hath/internal/hath/server.go:289.87,290.18 1 1
github.com/clickin/hath/internal/hath/server.go:290.18,293.3 2 1
github.com/clickin/hath/internal/hath/server.go:294.2,298.42 4 1
github.com/clickin/hath/internal/hath/server.go:298.42,300.19 2 1
github.com/clickin/hath/internal/hath/server.go:300.19,301.62 1 1
github.com/clickin/hath/internal/hath/server.go:301.62,302.62 1 1
github.com/clickin/hath/internal/hath/server.go:302.62,303.65 1 1
github.com/clickin/hath/internal/hath/server.go:303.65,305.7 1 1
github.com/clickin/hath/internal/hath/server.go:310.2,310.22 1 1
github.com/clickin/hath/internal/hath/server.go:310.22,313.3 2 1
github.com/clickin/hath/internal/hath/server.go:315.2,317.103 3 1
github.com/clickin/hath/internal/hath/server.go:317.103,320.3 2 0
github.com/clickin/hath/internal/hath/server.go:322.2,323.16 2 1
github.com/clickin/hath/internal/hath/server.go:323.16,326.3 2 0
github.com/clickin/hath/internal/hath/server.go:327.2,327.12 1 1
github.com/clickin/hath/internal/hath/server.go:327.12,330.3 2 1
github.com/clickin/hath/internal/hath/server.go:331.2,331.49 1 1
github.com/clickin/hath/internal/hath/server.go:334.87,337.16 3 1
github.com/clickin/hath/internal/hath/server.go:337.16,340.3 2 0
github.com/clickin/hath/internal/hath/server.go:341.2,343.115 2 1
github.com/clickin/hath/internal/hath/server.go:343.115,344.13 1 1
github.com/clickin/hath/internal/hath/server.go:344.13,345.32 1 1
github.com/clickin/hath/internal/hath/server.go:345.32,348.5 2 1
github.com/clickin/hath/internal/hath/server.go:350.8,352.3 1 0
github.com/clickin/hath/internal/hath/server.go:354.2,359.33 6 1
github.com/clickin/hath/internal/hath/server.go:359.33,361.3 1 1
github.com/clickin/hath/internal/hath/server.go:362.2,362.70 1 1
github.com/clickin/hath/internal/hath/server.go:368.117,370.23 2 1
github.com/clickin/hath/internal/hath/server.go:370.23,373.3 2 1
github.com/clickin/hath/internal/hath/server.go:375.2,376.16 2 1
github.com/clickin/hath/internal/hath/server.go:376.16,379.3 2 0
github.com/clickin/hath/internal/hath/server.go:380.2,386.30 5 1
github.com/clickin/hath/internal/hath/server.go:386.30,388.36 2 1
github.com/clickin/hath/internal/hath/server.go:388.36,391.9 3 1
github.com/clickin/hath/internal/hath/server.go:394.2,394.18 1 1
github.com/clickin/hath/internal/hath/server.go:394.18,398.3 3 0
github.com/clickin/hath/internal/hath/server.go:401.2,401.42 1 1
github.com/clickin/hath/internal/hath/server.go:401.42,406.3 4 1
github.com/clickin/hath/internal/hath/server.go:408.2,409.16 2 1
github.com/clickin/hath/internal/hath/server.go:409.16,412.3 2 0
github.com/clickin/hath/internal/hath/server.go:413.2,419.33 6 1
github.com/clickin/hath/internal/hath/server.go:419.33,421.3 1 1
github.com/clickin/hath/internal/hath/server.go:423.2,423.45 1 1
github.com/clickin/hath/internal/hath/server.go:423.45,425.3 1 1
github.com/clickin/hath/internal/hath/server.go:425.8,427.3 1 0
github.com/clickin/hath/internal/hath/server.go:428.2,429.64 2 1
github.com/clickin/hath/internal/hath/server.go:433.92,434.67 1 1
github.com/clickin/hath/internal/hath/server.go:434.67,437.3 2 1
github.com/clickin/hath/internal/hath/server.go:438.2,438.18 1 1
github.com/clickin/hath/internal/hath/server.go:438.18,441.3 2 1
github.com/clickin/hath/internal/hath/server.go:442.2,445.16 4 1
github.com/clickin/hath/internal/hath/server.go:445.16,448.3 2 1
github.com/clickin/hath/internal/hath/server.go:449.2,451.79 2 1
github.com/clickin/hath/internal/hath/server.go:451.79,455.3 3 0
github.com/clickin/hath/internal/hath/server.go:457.2,458.13 2 1
github.com/clickin/hath/internal/hath/server.go:459.21,460.58 1 1
github.com/clickin/hath/internal/hath/server.go:461.26,462.22 1 1
github.com/clickin/hath/internal/hath/server.go:462.22,464.4 1 1
github.com/clickin/hath/internal/hath/server.go:465.23,466.22 1 1
github.com/clickin/hath/internal/hath/server.go:466.22,468.4 1 1
github.com/clickin/hath/internal/hath/server.go:469.26,470.22 1 1
github.com/clickin/hath/internal/hath/server.go:470.22,472.4 1 1
github.com/clickin/hath/internal/hath/server.go:473.29,474.33 1 1
github.com/clickin/hath/internal/hath/server.go:475.20,475.20 0 0
github.com/clickin/hath/internal/hath/server.go:477.10,478.37 1 0
github.com/clickin/hath/internal/hath/server.go:483.92,484.18 1 1
github.com/clickin/hath/internal/hath/server.go:484.18,487.3 2 0
github.com/clickin/hath/internal/hath/server.go:488.2,489.16 2 1
github.com/clickin/hath/internal/hath/server.go:489.16,492.3 2 1
github.com/clickin/hath/internal/hath/server.go:493.2,494.16 2 1
github.com/clickin/hath/internal/hath/server.go:494.16,497.3 2 0
github.com/clickin/hath/internal/hath/server.go:498.2,499.80 1 1
github.com/clickin/hath/internal/hath/server.go:499.80,502.3 2 1
github.com/clickin/hath/internal/hath/server.go:503.2,506.33 4 1
github.com/clickin/hath/internal/hath/server.go:506.33,508.3 1 1
github.com/clickin/hath/internal/hath/server.go:509.2,511.21 3 1
github.com/clickin/hath/internal/hath/server.go:511.21,513.23 2 1
github.com/clickin/hath/internal/hath/server.go:513.23,515.4 1 1
github.com/clickin/hath/internal/hath/server.go:516.3,518.14 3 1
github.com/clickin/hath/internal/hath/server.go:518.14,519.9 1 0
github.com/clickin/hath/internal/hath/server.go:521.3,521.23 1 1
github.com/clickin/hath/internal/hath/server.go:525.61,528.2 2 1
github.com/clickin/hath/internal/hath/server.go:531.50,533.62 2 1
github.com/clickin/hath/internal/hath/server.go:533.62,534.18 1 1
github.com/clickin/hath/internal/hath/server.go:534.18,535.12 1 0
github.com/clickin/hath/internal/hath/server.go:537.3,537.62 1 1
github.com/clickin/hath/internal/hath/server.go:537.62,539.4 1 1
github.com/clickin/hath/internal/hath/server.go:541.2,541.12 1 1
github.com/clickin/hath/internal/hath/server.go:544.31,546.16 2 1
github.com/clickin/hath/internal/hath/server.go:546.16,548.3 1 0
github.com/clickin/hath/internal/hath/server.go:549.2,549.13 1 1
github.com/clickin/hath/internal/hath/server.go:552.31,552.78 1 1
github.com/clickin/hath/internal/hath/server.go:554.27,555.11 1 1
github.com/clickin/hath/internal/hath/server.go:555.11,557.3 1 0
github.com/clickin/hath/internal/hath/server.go:558.2,558.10 1 1
github.com/clickin/hath/internal/hath/server.go:563.78,567.20 4 1
github.com/clickin/hath/internal/hath/server.go:567.20,569.3 1 0
github.com/clickin/hath/internal/hath/server.go:570.2,583.33 8 1
github.com/clickin/hath/internal/hath/server.go:583.33,585.13 2 1
github.com/clickin/hath/internal/hath/server.go:585.13,590.18 5 1
github.com/clickin/hath/internal/hath/server.go:590.18,592.5 1 0
github.com/clickin/hath/internal/hath/server.go:593.4,595.74 3 1
github.com/clickin/hath/internal/hath/server.go:595.74,600.5 4 1
github.com/clickin/hath/internal/hath/server.go:603.2,605.58 3 1
github.com/clickin/hath/internal/hath/server.go:608.24,612.2 3 1
github.com/clickin/hath/internal/hath/server.go:614.31,617.2 2 1
github.com/clickin/hath/internal/hath/settings.go:79.30,93.2 1 1
github.com/clickin/hath/internal/hath/settings.go:96.39,98.2 1 1
github.com/clickin/hath/internal/hath/settings.go:101.52,103.2 1 1
github.com/clickin/hath/internal/hath/settings.go:106.41,107.25 1 1
github.com/clickin/hath/internal/hath/settings.go:107.25,109.3 1 1
github.com/clickin/hath/internal/hath/settings.go:110.2,110.50 1 1
github.com/clickin/hath/internal/hath/settings.go:114.38,115.20 1 1
github.com/clickin/hath/internal/hath/settings.go:115.20,117.3 1 1
github.com/clickin/hath/internal/hath/settings.go:118.2,118.38 1 1
github.com/clickin/hath/internal/hath/settings.go:118.38,120.3 1 1
github.com/clickin/hath/internal/hath/settings.go:121.2,121.32 1 1
github.com/clickin/hath/internal/hath/settings.go:121.32,122.84 1 1
github.com/clickin/hath/internal/hath/settings.go:122.84,124.4 1 1
github.com/clickin/hath/internal/hath/settings.go:126.2,126.13 1 1
github.com/clickin/hath/internal/hath/settings.go:130.38,132.16 2 1
github.com/clickin/hath/internal/hath/settings.go:132.16,134.3 1 1
github.com/clickin/hath/internal/hath/settings.go:135.2,136.21 2 1
github.com/clickin/hath/internal/hath/settings.go:136.21,138.3 1 0
github.com/clickin/hath/internal/hath/settings.go:139.2,140.16 2 1
github.com/clickin/hath/internal/hath/settings.go:140.16,142.3 1 0
github.com/clickin/hath/internal/hath/settings.go:143.2,145.12 3 1
github.com/clickin/hath/internal/hath/settings.go:149.38,152.2 1 1
github.com/clickin/hath/internal/hath/settings.go:155.37,156.88 1 1
github.com/clickin/hath/internal/hath/settings.go:156.88,157.47 1 1
github.com/clickin/hath/internal/hath/settings.go:157.47,159.4 1 0
github.com/clickin/hath/internal/hath/settings.go:161.2,161.12 1 1
github.com/clickin/hath/internal/hath/settings.go:165.45,166.25 1 1
github.com/clickin/hath/internal/hath/settings.go:166.25,167.34 1 1
github.com/clickin/hath/internal/hath/settings.go:167.34,169.12 2 0
github.com/clickin/hath/internal/hath/settings.go:171.3,173.13 3 1
github.com/clickin/hath/internal/hath/settings.go:173.13,175.4 1 1
github.com/clickin/hath/internal/hath/settings.go:176.3,176.75 1 1
github.com/clickin/hath/internal/hath/settings.go:181.50,182.29 1 1
github.com/clickin/hath/internal/hath/settings.go:182.29,183.17 1 1
github.com/clickin/hath/internal/hath/settings.go:183.17,184.12 1 0
github.com/clickin/hath/internal/hath/settings.go:186.3,187.13 2 1
github.com/clickin/hath/internal/hath/settings.go:187.13,188.12 1 0
github.com/clickin/hath/internal/hath/settings.go:190.3,190.59 1 1
github.com/clickin/hath/internal/hath/settings.go:194.29,194.78 2 1
github.com/clickin/hath/internal/hath/settings.go:195.29,195.66 2 1
github.com/clickin/hath/internal/hath/settings.go:199.53,200.14 1 1
github.com/clickin/hath/internal/hath/settings.go:201.26,202.32 1 1
github.com/clickin/hath/internal/hath/settings.go:202.32,204.4 1 1
github.com/clickin/hath/internal/hath/settings.go:205.26,206.32 1 1
github.com/clickin/hath/internal/hath/settings.go:206.32,208.4 1 1
github.com/clickin/hath/internal/hath/settings.go:209.21,211.67 2 1
github.com/clickin/hath/internal/hath/settings.go:212.25,213.32 1 1
github.com/clickin/hath/internal/hath/settings.go:214.23,215.25 1 1
github.com/clickin/hath/internal/hath/settings.go:216.18,217.20 1 1
github.com/clickin/hath/internal/hath/settings.go:218.14,219.23 1 1
github.com/clickin/hath/internal/hath/settings.go:220.14,221.24 1 1
github.com/clickin/hath/internal/hath/settings.go:221.24,223.4 1 1
github.com/clickin/hath/internal/hath/settings.go:224.24,225.34 1 1
github.com/clickin/hath/internal/hath/settings.go:226.25,228.43 1 1
github.com/clickin/hath/internal/hath/settings.go:228.43,230.4 1 1
github.com/clickin/hath/internal/hath/settings.go:230.9,232.4 1 1
github.com/clickin/hath/internal/hath/settings.go:233.29,234.37 1 1
github.com/clickin/hath/internal/hath/settings.go:235.30,236.49 1 1
github.com/clickin/hath/internal/hath/settings.go:236.49,238.4 1 1
github.com/clickin/hath/internal/hath/settings.go:238.9,240.4 1 1
github.com/clickin/hath/internal/hath/settings.go:241.22,242.34 1 1
github.com/clickin/hath/internal/hath/settings.go:243.22,245.34 2 1
github.com/clickin/hath/internal/hath/settings.go:246.25,247.36 1 1
github.com/clickin/hath/internal/hath/settings.go:248.25,249.34 1 1
github.com/clickin/hath/internal/hath/settings.go:250.21,252.41 2 1
github.com/clickin/hath/internal/hath/settings.go:253.30,254.41 1 1
github.com/clickin/hath/internal/hath/settings.go:255.35,256.40 1 1
github.com/clickin/hath/internal/hath/settings.go:257.33,258.43 1 1
github.com/clickin/hath/internal/hath/settings.go:259.31,260.42 1 1
github.com/clickin/hath/internal/hath/settings.go:261.31,262.41 1 1
github.com/clickin/hath/internal/hath/settings.go:263.25,264.32 1 1
github.com/clickin/hath/internal/hath/settings.go:265.30,266.35 1 1
github.com/clickin/hath/internal/hath/settings.go:267.29,268.33 1 1
github.com/clickin/hath/internal/hath/settings.go:269.23,271.47 2 1
github.com/clickin/hath/internal/hath/settings.go:271.47,272.19 1 1
github.com/clickin/hath/internal/hath/settings.go:272.19,274.5 1 1
github.com/clickin/hath/internal/hath/settings.go:276.28,277.35 1 1
github.com/clickin/hath/internal/hath/settings.go:278.19,279.21 1 1
github.com/clickin/hath/internal/hath/settings.go:280.18,281.20 1 1
github.com/clickin/hath/internal/hath/settings.go:282.18,283.20 1 1
github.com/clickin/hath/internal/hath/settings.go:284.17,285.19 1 1
github.com/clickin/hath/internal/hath/settings.go:286.22,287.24 1 1
github.com/clickin/hath/internal/hath/settings.go:288.26,289.44 1 1
github.com/clickin/hath/internal/hath/settings.go:290.26,291.44 1 1
github.com/clickin/hath/internal/hath/settings.go:292.26,293.33 1 1
github.com/clickin/hath/internal/hath/settings.go:294.20,295.32 1 1
github.com/clickin/hath/internal/hath/settings.go:296.21,296.21 0 0
github.com/clickin/hath/internal/hath/settings.go:298.10,299.64 1 1
github.com/clickin/hath/internal/hath/settings.go:304.54,305.46 1 1
github.com/clickin/hath/internal/hath/settings.go:305.46,307.3 1 0
github.com/clickin/hath/internal/hath/settings.go:308.2,308.35 1 1
github.com/clickin/hath/internal/hath/settings.go:313.48,318.47 5 1
github.com/clickin/hath/internal/hath/settings.go:318.47,320.20 2 1
github.com/clickin/hath/internal/hath/settings.go:320.20,321.12 1 0
github.com/clickin/hath/internal/hath/settings.go:323.3,324.72 2 1
github.com/clickin/hath/internal/hath/settings.go:324.72,326.4 1 1
github.com/clickin/hath/internal/hath/settings.go:328.2,328.18 1 1
github.com/clickin/hath/internal/hath/settings.go:328.18,330.3 1 0
github.com/clickin/hath/internal/hath/settings.go:334.55,335.28 1 1
github.com/clickin/hath/internal/hath/settings.go:335.28,337.3 1 1
github.com/clickin/hath/internal/hath/settings.go:338.2,340.34 3 1
github.com/clickin/hath/internal/hath/settings.go:340.34,341.21 1 1
github.com/clickin/hath/internal/hath/settings.go:341.21,343.4 1 1
github.com/clickin/hath/internal/hath/settings.go:345.2,345.14 1 1
github.com/clickin/hath/internal/hath/settings.go:350.43,353.30 3 1
github.com/clickin/hath/internal/hath/settings.go:353.30,355.3 1 1
github.com/clickin/hath/internal/hath/settings.go:356.2,356.28 1 1
github.com/clickin/hath/internal/hath/settings.go:356.28,358.3 1 1
github.com/clickin/hath/internal/hath/settings.go:359.2,359.28 1 1
github.com/clickin/hath/internal/hath/settings.go:359.28,362.3 2 0
github.com/clickin/hath/internal/hath/settings.go:364.2,366.23 3 1
github.com/clickin/hath/internal/hath/settings.go:366.23,368.3 1 1
github.com/clickin/hath/internal/hath/settings.go:369.2,369.41 1 1
github.com/clickin/hath/internal/hath/settings.go:369.41,372.61 3 1
github.com/clickin/hath/internal/hath/settings.go:372.61,373.12 1 0
github.com/clickin/hath/internal/hath/settings.go:375.3,376.8 2 1
github.com/clickin/hath/internal/hath/settings.go:378.2,378.54 1 1
github.com/clickin/hath/internal/hath/settings.go:382.54,385.30 3 1
github.com/clickin/hath/internal/hath/settings.go:385.30,389.3 3 1
github.com/clickin/hath/internal/hath/settings.go:394.44,397.31 3 1
github.com/clickin/hath/internal/hath/settings.go:397.31,401.3 3 1
github.com/clickin/hath/internal/hath/settings.go:404.45,405.29 1 1
github.com/clickin/hath/internal/hath/settings.go:405.29,407.3 1 1
github.com/clickin/hath/internal/hath/settings.go:408.2,408.41 1 1
github.com/clickin/hath/internal/hath/stats.go:27.24,30.2 2 1
github.com/clickin/hath/internal/hath/stats.go:32.44,36.2 3 1
github.com/clickin/hath/internal/hath/stats.go:38.40,42.2 3 1
github.com/clickin/hath/internal/hath/stats.go:44.30,51.36 7 1
github.com/clickin/hath/internal/hath/stats.go:51.36,53.3 1 1
github.com/clickin/hath/internal/hath/stats.go:56.34,62.2 5 1
github.com/clickin/hath/internal/hath/stats.go:64.33,68.2 3 1
github.com/clickin/hath/internal/hath/stats.go:70.28,74.2 3 1
github.com/clickin/hath/internal/hath/stats.go:76.28,80.2 3 1
github.com/clickin/hath/internal/hath/stats.go:82.36,84.21 2 1
github.com/clickin/hath/internal/hath/stats.go:84.21,86.34 2 1
github.com/clickin/hath/internal/hath/stats.go:86.34,88.4 1 1
github.com/clickin/hath/internal/hath/stats.go:90.2,90.15 1 1
github.com/clickin/hath/internal/hath/stats.go:93.36,95.21 2 1
github.com/clickin/hath/internal/hath/stats.go:95.21,97.3 1 1
github.com/clickin/hath/internal/hath/stats.go:98.2,98.15 1 1
github.com/clickin/hath/internal/hath/stats.go:101.38,105.2 3 1
github.com/clickin/hath/internal/hath/stats.go:107.40,111.2 3 1
github.com/clickin/hath/internal/hath/stats.go:113.43,117.2 3 1
github.com/clickin/hath/internal/hath/stats.go:119.39,123.2 3 1
github.com/clickin/hath/internal/hath/stats.go:126.41,129.27 3 1
github.com/clickin/hath/internal/hath/stats.go:129.27,131.3 1 1
github.com/clickin/hath/internal/hath/stats.go:132.2,132.27 1 1
